FileHandle openedFileHandle closedFileHandle opened
FileHandle closed
FileHandle opened
FileHandle closed
16:38/13.03.2011/FileHandle opened
16:38/13.03.2011/FileHandle closed
16:38/13.03.2011/FileHandle opened
16:38/13.03.2011/FileHandle closed
2011/03/13/16:39 FileHandle opened
2011/03/13/16:39 FileHandle closed
2011/03/13 16:39 -> FileHandle opened
2011/03/13 16:39 -> FileHandle closed
2011/03/13 16:41 -> FileHandle opened
2011/03/13 16:41 -> Array
2011/03/13 16:41 -> FileHandle closed
2011/03/13 16:43 -> FileHandle opened
2011/03/13 16:43 -> Array
2011/03/13 16:43 -> FileHandle closed
2011/03/13 16:44 -> FileHandle opened
2011/03/13 16:44 -> 1
2011/03/13 16:44 -> FileHandle closed
2011/03/13 16:44 -> FileHandle opened
2011/03/13 16:44 -> FileHandle closed
2011/03/13 16:44 -> FileHandle opened
2011/03/13 16:44 -> Array
2011/03/13 16:44 -> FileHandle closed
2011/03/13 16:45 -> FileHandle opened
2011/03/13 16:45 -> Array
2011/03/13 16:45 -> Array
2011/03/13 16:45 -> Array
2011/03/13 16:45 -> Array
2011/03/13 16:45 -> Array
2011/03/13 16:45 -> Array
2011/03/13 16:47 -> FileHandle opened
2011/03/13 16:47 -> GLOBALS=>Array
2011/03/13 16:47 -> _POST=>Array
2011/03/13 16:47 -> _GET=>Array
2011/03/13 16:47 -> _COOKIE=>Array
2011/03/13 16:47 -> _FILES=>Array
2011/03/13 16:49 -> FileHandle opened
2011/03/13 16:49 -> GLOBALS=>Array
2011/03/13 16:49 ->   GLOBALS=>Array
2011/03/13 16:49 ->   _POST=>Array
2011/03/13 16:49 ->   _GET=>Array
2011/03/13 16:49 ->   _COOKIE=>Array
2011/03/13 16:49 ->   _FILES=>Array
2011/03/13 16:49 -> FileHandle opened
2011/03/13 16:49 -> GLOBALS=>Array
2011/03/13 16:49 ->   GLOBALS=>Array
2011/03/13 16:49 ->   _POST=>Array
2011/03/13 16:49 ->   _GET=>Array
2011/03/13 16:49 ->   _COOKIE=>Array
2011/03/13 16:49 ->   _FILES=>Array
2011/03/13 16:50 -> FileHandle opened
2011/03/13 16:50 -> GLOBALS=>Array
2011/03/13 16:50 -> _POST=>Array
2011/03/13 16:50 -> _GET=>Array
2011/03/13 16:50 -> _COOKIE=>Array
2011/03/13 16:50 -> _FILES=>Array
2011/03/13 16:50 -> FileHandle opened
2011/03/13 16:50 -> FileHandle closed
2011/03/13 16:51 -> FileHandle opened
2011/03/13 16:51 -> GLOBALS=>Array
2011/03/13 16:51 -> _POST=>Array
2011/03/13 16:51 -> _GET=>Array
2011/03/13 16:51 -> _COOKIE=>Array
2011/03/13 16:51 -> _FILES=>Array
2011/03/13 16:51 -> FileHandle opened
2011/03/13 16:51 -> FileHandle closed
2011/03/13 16:54 -> FileHandle opened
2011/03/13 16:54 -> FileHandle closed
2011/03/13 16:55 -> FileHandle opened
2011/03/13 16:55 -> FileHandle closed
2011/03/13 16:57 -> FileHandle opened
2011/03/13 16:57 -> FileHandle closed
2011/03/13 16:58 -> FileHandle opened
2011/03/13 16:58 -> FileHandle closed
2011/03/13 16:58 -> FileHandle opened
2011/03/13 16:58 -> FileHandle closed
2011/03/13 16:58 -> FileHandle opened
2011/03/13 16:58 -> FileHandle closed
2011/03/13 16:59 -> FileHandle opened
2011/03/13 16:59 -> FileHandle closed
2011/03/13 17:02 -> FileHandle opened
2011/03/13 17:02 -> request for id 2received
2011/03/13 17:02 -> FileHandle closed
2011/03/13 17:03 -> FileHandle opened
2011/03/13 17:03 -> request for id 213123received
2011/03/13 17:03 -> FileHandle closed
2011/03/13 17:03 -> FileHandle opened
2011/03/13 17:03 -> request for id 213123 received
2011/03/13 17:03 -> FileHandle closed
2011/03/13 17:53 -> FileHandle opened
2011/03/13 17:53 -> request for id 213123 received
2011/03/13 17:53 -> FileHandle opened
2011/03/14 11:17 -> FileHandle opened
2011/03/14 11:17 -> FileHandle closed
2011/03/14 11:17 -> FileHandle opened
2011/03/14 11:17 -> FileHandle closed
2011/03/14 11:20 -> FileHandle opened
2011/03/14 11:20 -> FileHandle closed
2011/03/14 11:21 -> FileHandle opened
2011/03/14 11:21 -> FileHandle closed
2011/03/14 11:34 -> FileHandle opened
2011/03/14 11:34 -> FileHandle closed
2011/03/14 11:39 -> FileHandle opened
2011/03/14 11:39 -> FileHandle closed
2011/03/14 11:39 -> FileHandle opened
2011/03/14 11:39 -> FileHandle closed
2011/03/14 11:39 -> FileHandle opened
2011/03/14 11:39 -> FileHandle closed
2011/03/14 11:39 -> FileHandle opened
2011/03/14 11:39 -> FileHandle closed
2011/03/14 11:41 -> FileHandle opened
2011/03/14 11:41 -> FileHandle closed
2011/03/14 11:42 -> FileHandle opened
2011/03/14 11:42 -> FileHandle closed
2011/03/14 11:43 -> FileHandle opened
2011/03/14 11:55 -> FileHandle opened
2011/03/14 11:55 -> FileHandle closed
2011/03/14 12:00 -> FileHandle opened
2011/03/14 12:00 -> FileHandle closed
2011/03/14 12:00 -> FileHandle opened
2011/03/14 12:00 -> FileHandle closed
2011/03/14 12:00 -> FileHandle opened
2011/03/14 12:00 -> FileHandle closed
2011/03/14 12:14 -> FileHandle opened
2011/03/14 12:14 -> FileHandle closed
2011/03/14 12:14 -> FileHandle opened
2011/03/14 12:14 -> FileHandle closed
2011/03/14 12:14 -> FileHandle opened
2011/03/14 12:14 -> FileHandle closed
2011/03/14 17:31 -> FileHandle opened
2011/03/14 17:31 -> request for id 2 received
2011/03/14 17:31 -> FileHandle closed
2011/03/14 17:32 -> FileHandle opened
2011/03/14 17:32 -> FileHandle opened
2011/03/14 17:33 -> FileHandle opened
2011/03/14 17:37 -> FileHandle opened
2011/03/14 17:37 -> FileHandle opened
2011/03/14 17:39 -> FileHandle opened
2011/03/14 17:39 -> FileHandle opened
2011/03/14 17:42 -> FileHandle opened
2011/03/14 17:43 -> FileHandle opened
2011/03/14 17:44 -> FileHandle opened
2011/03/14 17:44 -> FileHandle opened
2011/03/14 17:47 -> FileHandle opened
2011/03/14 17:48 -> FileHandle opened
2011/03/14 17:49 -> FileHandle opened
2011/03/14 17:49 -> FileHandle closed
2011/03/14 17:49 -> FileHandle opened
2011/03/14 17:49 -> FileHandle closed
2011/03/14 17:50 -> FileHandle opened
2011/03/14 17:50 -> FileHandle closed
2011/03/14 17:50 -> FileHandle opened
2011/03/14 17:50 -> FileHandle closed
2011/03/14 17:51 -> FileHandle opened
2011/03/14 17:51 -> FileHandle closed
2011/03/14 17:51 -> FileHandle opened
2011/03/14 17:51 -> request for id  received
2011/03/14 17:51 -> FileHandle closed
2011/03/14 17:51 -> FileHandle opened
2011/03/14 17:51 -> request for id 12 received
2011/03/14 17:51 -> FileHandle closed
2011/03/14 17:51 -> FileHandle opened
2011/03/14 17:51 -> request for id 12 received
2011/03/14 17:51 -> FileHandle closed
2011/03/14 17:52 -> FileHandle opened
2011/03/14 17:52 -> request for id 12 received
2011/03/14 17:52 -> FileHandle closed
2011/03/14 17:52 -> FileHandle opened
2011/03/14 17:52 -> request for id 1337 received
2011/03/14 17:52 -> FileHandle closed
2011/03/14 17:53 -> FileHandle opened
2011/03/14 17:53 -> request for id 11 received
2011/03/14 17:53 -> FileHandle closed
2011/03/14 17:54 -> FileHandle opened
2011/03/14 17:54 -> request for id  received
2011/03/14 17:54 -> FileHandle closed
2011/03/14 18:02 -> FileHandle opened
2011/03/14 18:02 -> FileHandle closed
2011/03/14 18:03 -> FileHandle opened
2011/03/14 18:03 -> FileHandle closed
2011/03/14 18:03 -> FileHandle opened
2011/03/14 18:03 -> FileHandle closed
2011/03/14 18:04 -> FileHandle opened
2011/03/14 18:04 -> FileHandle closed
2011/03/14 18:04 -> FileHandle opened
2011/03/14 18:04 -> lala
2011/03/14 18:04 -> FileHandle closed
2011/03/14 18:05 -> FileHandle opened
2011/03/14 18:05 -> lala
2011/03/14 18:05 -> FileHandle closed
2011/03/14 18:06 -> FileHandle opened
2011/03/14 18:06 -> lala
2011/03/14 18:06 -> FileHandle closed
2011/03/14 18:07 -> FileHandle opened
2011/03/14 18:07 -> lala
2011/03/14 18:07 -> FileHandle closed
2011/03/14 18:07 -> FileHandle opened
2011/03/14 18:07 -> lala
2011/03/14 18:07 -> FileHandle closed
2011/03/14 18:08 -> FileHandle opened
2011/03/14 18:08 -> lala
2011/03/14 18:08 -> FileHandle closed
2011/03/14 22:07 -> FileHandle opened
2011/03/14 22:07 -> request for id 11 received
2011/03/14 22:07 -> ;;;;
2011/03/14 22:07 -> FileHandle closed
2011/03/14 22:09 -> FileHandle opened
2011/03/14 22:09 -> request for id 11 received
2011/03/14 22:09 -> ;;;;
2011/03/14 22:09 -> FileHandle closed
2011/03/14 22:10 -> FileHandle opened
2011/03/14 22:10 -> request for id 11 received
2011/03/14 22:11 -> FileHandle opened
2011/03/14 22:11 -> request for id 11 received
2011/03/14 22:11 -> FileHandle opened
2011/03/14 22:11 -> request for id 11 received
2011/03/14 22:11 -> FileHandle opened
2011/03/14 22:11 -> request for id 22 received
2011/03/14 22:11 -> FileHandle opened
2011/03/14 22:11 -> request for id 22 received
2011/03/14 22:11 -> FileHandle opened
2011/03/14 22:11 -> request for id 22 received
2011/03/14 22:12 -> FileHandle opened
2011/03/14 22:12 -> request for id 22 received
2011/03/14 22:12 -> ;;;;
2011/03/14 22:12 -> FileHandle closed
2011/03/14 22:12 -> FileHandle opened
2011/03/14 22:12 -> request for id 22 received
2011/03/14 22:12 -> ;;;;
2011/03/14 22:12 -> FileHandle closed
2011/03/14 22:12 -> FileHandle opened
2011/03/14 22:12 -> request for id 22 received
2011/03/14 22:12 -> FileHandle opened
2011/03/14 22:12 -> request for id 22 received
2011/03/14 22:12 -> ;;;;
2011/03/14 22:12 -> FileHandle closed
2011/03/14 22:12 -> FileHandle opened
2011/03/14 22:12 -> request for id 22 received
2011/03/14 22:12 -> ;;;;
2011/03/14 22:12 -> FileHandle closed
2011/03/15 18:48 -> FileHandle opened
2011/03/15 18:48 -> request for id  received
2011/03/15 18:48 -> ;;;;
2011/03/15 18:48 -> FileHandle closed
2011/03/15 18:49 -> FileHandle opened
2011/03/15 18:49 -> FileHandle closed
2011/03/15 18:49 -> FileHandle opened
2011/03/15 18:49 -> request for id 213123 received
2011/03/15 18:49 -> ;;;;
2011/03/15 18:49 -> FileHandle closed
2011/03/15 18:49 -> FileHandle opened
2011/03/15 18:49 -> request for id  received
2011/03/15 18:49 -> ;;;;
2011/03/15 18:49 -> FileHandle closed
2011/03/15 18:51 -> FileHandle opened
2011/03/15 18:51 -> request for id 222 received
2011/03/15 18:51 -> ;;;;
2011/03/15 18:51 -> FileHandle closed
2011/03/15 18:51 -> FileHandle opened
2011/03/15 18:51 -> request for id 222 received
2011/03/15 18:51 -> ;;;;
2011/03/15 18:51 -> FileHandle closed
2011/03/15 18:51 -> FileHandle opened
2011/03/15 18:51 -> request for id 222 received
2011/03/15 18:51 -> ;;;;
2011/03/15 18:51 -> FileHandle closed
2011/03/15 18:52 -> FileHandle opened
2011/03/15 18:52 -> request for id 222 received
2011/03/15 18:52 -> ;;;;
2011/03/15 18:52 -> FileHandle closed
2011/03/15 18:52 -> FileHandle opened
2011/03/15 18:52 -> request for id slglEo708Ukn received
2011/03/15 18:52 -> ;;;;
2011/03/15 18:52 -> FileHandle closed
2011/03/15 18:54 -> FileHandle opened
2011/03/15 18:54 -> request for id slglEo708Ukn received
2011/03/15 18:54 -> ;;;;
2011/03/15 18:54 -> FileHandle closed
2011/03/15 18:54 -> FileHandle opened
2011/03/15 18:54 -> request for id slglEo708Ukn received
2011/03/15 18:54 -> ;;;;
2011/03/15 18:54 -> FileHandle closed
2011/03/15 18:54 -> FileHandle opened
2011/03/15 18:54 -> request for id slglEo708Ukn received
2011/03/15 18:54 -> ;;;;
2011/03/15 18:54 -> FileHandle closed
2011/03/15 18:55 -> FileHandle opened
2011/03/15 18:55 -> request for id slglEo708Ukn received
2011/03/15 18:55 -> FileHandle opened
2011/03/15 18:55 -> request for id slglEo708Ukn received
2011/03/15 18:56 -> FileHandle opened
2011/03/15 18:56 -> request for id slglEo708Ukn received
2011/03/15 18:56 -> FileHandle opened
2011/03/15 18:56 -> request for id slglEo708Ukn received
2011/03/15 18:57 -> FileHandle opened
2011/03/15 18:57 -> request for id slglEo708Ukn received
2011/03/15 18:57 -> FileHandle opened
2011/03/15 18:57 -> request for id slglEo708Ukn received
2011/03/15 18:57 -> ;;;;slglEo708Ukn
2011/03/15 18:57 -> FileHandle closed
2011/03/15 18:57 -> FileHandle opened
2011/03/15 18:57 -> request for id slglEo708Ukn received
2011/03/15 18:57 -> ;;;;slglEo708Ukn
2011/03/15 18:57 -> FileHandle closed
2011/03/15 18:58 -> FileHandle opened
2011/03/15 18:58 -> request for id slglEo708Ukn received
2011/03/15 18:58 -> ;;;;slglEo708Ukn
2011/03/15 18:58 -> FileHandle closed
2011/03/15 18:58 -> FileHandle opened
2011/03/15 18:58 -> request for id slglEo708Ukn received
2011/03/15 18:58 -> ;;;;slglEo708Ukn
2011/03/15 18:58 -> FileHandle closed
2011/03/15 18:59 -> FileHandle opened
2011/03/15 18:59 -> request for id slglEo708Ukn received
2011/03/15 18:59 -> ;;;;slglEo708Ukn
2011/03/15 18:59 -> FileHandle closed
2011/03/15 19:00 -> FileHandle opened
2011/03/15 19:00 -> request for id slglEo708Ukn received
2011/03/15 19:00 -> FileHandle closed
2011/03/15 19:01 -> FileHandle opened
2011/03/15 19:01 -> request for id slglEo708Ukn received
2011/03/15 19:01 -> FileHandle closed
2011/03/15 19:01 -> FileHandle opened
2011/03/15 19:01 -> request for id slglEo708Ukn received
2011/03/15 19:01 -> FileHandle closed
2011/03/15 19:05 -> FileHandle opened
2011/03/15 19:05 -> request for id slglEo708Ukn received
2011/03/15 19:05 -> ;;;;slglEo708Ukn
2011/03/15 19:05 -> FileHandle closed
2011/03/15 19:05 -> FileHandle opened
2011/03/15 19:05 -> request for id slglEo708Ukn received
2011/03/15 19:05 -> ;;;;slglEo708Ukn
2011/03/15 19:05 -> FileHandle closed
2011/03/15 19:05 -> FileHandle opened
2011/03/15 19:05 -> request for id slglEo708Ukn received
2011/03/15 19:05 -> ;;;;slglEo708Ukn
2011/03/15 19:05 -> FileHandle closed
2011/03/15 19:05 -> FileHandle opened
2011/03/15 19:05 -> request for id slglEo708Ukn received
2011/03/15 19:05 -> ;;;;slglEo708Ukn
2011/03/15 19:05 -> FileHandle closed
2011/03/15 19:05 -> FileHandle opened
2011/03/15 19:05 -> request for id slglEo708Ukn received
2011/03/15 19:05 -> ;;;;slglEo708Ukn
2011/03/15 19:05 -> FileHandle closed
2011/03/15 19:06 -> FileHandle opened
2011/03/15 19:06 -> request for id slglEo708Ukn received
2011/03/15 19:06 -> ;;;;slglEo708Ukn
2011/03/15 19:06 -> FileHandle closed
2011/03/15 19:06 -> FileHandle opened
2011/03/15 19:06 -> request for id slglEo708Ukn received
2011/03/15 19:06 -> ;;;;slglEo708Ukn
2011/03/15 19:06 -> FileHandle closed
2011/03/15 19:06 -> FileHandle opened
2011/03/15 19:06 -> request for id slglEo708Ukn received
2011/03/15 19:06 -> ;;;;slglEo708Ukn
2011/03/15 19:06 -> FileHandle closed
2011/03/15 19:07 -> FileHandle opened
2011/03/15 19:07 -> request for id slglEo708Ukn received
2011/03/15 19:07 -> ;;;;slglEo708Ukn
2011/03/15 19:07 -> FileHandle closed
2011/03/15 19:07 -> FileHandle opened
2011/03/15 19:07 -> request for id slglEo708Ukn received
2011/03/15 19:07 -> ;;;;slglEo708Ukn
2011/03/15 19:07 -> FileHandle closed
2011/03/15 19:07 -> FileHandle opened
2011/03/15 19:07 -> request for id slglEo708Ukn received
2011/03/15 19:07 -> ;;;;slglEo708Ukn
2011/03/15 19:07 -> FileHandle closed
2011/03/15 19:07 -> FileHandle opened
2011/03/15 19:07 -> request for id slglEo708Ukn received
2011/03/15 19:07 -> ;;;;slglEo708Ukn
2011/03/15 19:07 -> FileHandle closed
2011/03/15 19:07 -> FileHandle opened
2011/03/15 19:07 -> request for id slglEo708Ukn received
2011/03/15 19:07 -> ;;;;slglEo708Ukn
2011/03/15 19:07 -> FileHandle closed
2011/03/15 19:08 -> FileHandle opened
2011/03/15 19:08 -> request for id slglEo708Ukn received
2011/03/15 19:08 -> ;;;;slglEo708Ukn
2011/03/15 19:08 -> FileHandle closed
2011/03/15 19:08 -> FileHandle opened
2011/03/15 19:08 -> request for id slglEo708Ukn received
2011/03/15 19:08 -> ;;;;slglEo708Ukn
2011/03/15 19:08 -> FileHandle closed
2011/03/15 19:08 -> FileHandle opened
2011/03/15 19:08 -> request for id slglEo708Ukn received
2011/03/15 19:08 -> ;;;;slglEo708Ukn
2011/03/15 19:08 -> FileHandle closed
2011/03/15 19:08 -> FileHandle opened
2011/03/15 19:08 -> request for id slglEo708Ukn received
2011/03/15 19:08 -> ;;;;slglEo708Ukn
2011/03/15 19:08 -> FileHandle closed
2011/03/15 19:12 -> FileHandle opened
2011/03/15 19:12 -> request for id slglEo708Ukn received
2011/03/15 19:12 -> ;;;;slglEo708Ukn
2011/03/15 19:12 -> FileHandle closed
2011/03/15 19:13 -> FileHandle opened
2011/03/15 19:13 -> request for id slglEo708Ukn received
2011/03/15 19:13 -> ;;;;slglEo708Ukn
2011/03/15 19:13 -> FileHandle closed
2011/03/15 19:13 -> FileHandle opened
2011/03/15 19:13 -> request for id slglEo708Ukn received
2011/03/15 19:13 -> 6;dsaf;sadfdsfg;2011-03-13 16:32:10;slglEo708Ukn
2011/03/15 19:13 -> FileHandle closed
2011/03/15 19:14 -> FileHandle opened
2011/03/15 19:14 -> request for id slglEo708Ukn received
2011/03/15 19:14 -> 6;dsaf;sadfdsfg;2011-03-13 16:32:10;slglEo708Ukn
2011/03/15 19:14 -> FileHandle closed
2011/03/15 19:14 -> FileHandle opened
2011/03/15 19:14 -> request for id slglEo708Ukn received
2011/03/15 19:14 -> 6;dsaf;sadfdsfg;2011-03-13 16:32:10;slglEo708Ukn
2011/03/15 19:14 -> FileHandle closed
2011/03/15 19:14 -> FileHandle opened
2011/03/15 19:14 -> request for id slglEo708Ukn received
2011/03/15 19:14 -> 6;dsaf;sadfdsfg;2011-03-13 16:32:10;slglEo708Ukn
2011/03/15 19:14 -> FileHandle closed
2011/03/15 19:15 -> FileHandle opened
2011/03/15 19:15 -> request for id slglEo708Ukn received
2011/03/15 19:15 -> 6;dsaf;sadfdsfg;2011-03-13 16:32:10;slglEo708Ukn
2011/03/15 19:15 -> FileHandle closed
2011/03/15 19:21 -> FileHandle opened
2011/03/15 19:21 -> request for id slglEo708Ukn received
2011/03/15 19:21 -> 
2011/03/15 19:21 -> FileHandle closed
2011/03/15 19:22 -> FileHandle opened
2011/03/15 19:22 -> request for id slglEo708Ukn received
2011/03/15 19:22 -> {"idea_id":"6","idea_name":"dsaf","idea_mail":"asd","idea_description":"sadfdsfg","idea_timestamp":"2011-03-13 16:32:10","idea_uniqueId":"slglEo708Ukn"}
2011/03/15 19:22 -> FileHandle closed
2011/03/15 19:22 -> FileHandle opened
2011/03/15 19:22 -> request for id slglEo708Ukn received
2011/03/15 19:22 -> {"idea_id":"6","idea_name":"dsaf","idea_mail":"asd","idea_description":"sadfdsfg","idea_timestamp":"2011-03-13 16:32:10","idea_uniqueId":"slglEo708Ukn"}
2011/03/15 19:22 -> FileHandle closed
2011/03/15 19:22 -> FileHandle opened
2011/03/15 19:22 -> request for id  received
2011/03/15 19:22 -> {"idea_id":"31","idea_name":"dsdsdfg","idea_mail":"dfsgdfsdfg","idea_description":"sdfdfsgdfgsgdfs","idea_timestamp":"2011-03-14 17:49:35","idea_uniqueId":null}
2011/03/15 19:22 -> FileHandle closed
2011/03/15 19:22 -> FileHandle opened
2011/03/15 19:22 -> request for id slglEo708Ukn received
2011/03/15 19:22 -> {"idea_id":"6","idea_name":"dsaf","idea_mail":"asd","idea_description":"sadfdsfg","idea_timestamp":"2011-03-13 16:32:10","idea_uniqueId":"slglEo708Ukn"}
2011/03/15 19:22 -> FileHandle closed
2011/03/15 19:23 -> FileHandle opened
2011/03/15 19:23 -> request for id slglEo708Ukn received
2011/03/15 19:23 -> {"idea_id":"6","idea_name":"dsaf","idea_mail":"asd","idea_description":"sadfdsfg","idea_timestamp":"2011-03-13 16:32:10","idea_uniqueId":"slglEo708Ukn"}
2011/03/15 19:23 -> FileHandle closed
2011/03/15 19:24 -> FileHandle opened
2011/03/15 19:24 -> request for id slglEo708Ukn received
2011/03/15 19:24 -> {"idea_id":"6","idea_name":"dsaf","idea_mail":"asd","idea_description":"sadfdsfg","idea_timestamp":"2011-03-13 16:32:10","idea_uniqueId":"slglEo708Ukn"}
2011/03/15 19:24 -> FileHandle closed
2011/03/15 19:24 -> FileHandle opened
2011/03/15 19:24 -> request for id slglEo708Ukn received
2011/03/15 19:24 -> {"idea_id":"6","idea_name":"dsaf","idea_mail":"asd","idea_description":"sadfdsfg","idea_timestamp":"2011-03-13 16:32:10","idea_uniqueId":"slglEo708Ukn"}
2011/03/15 19:24 -> FileHandle closed
2011/03/15 19:25 -> FileHandle opened
2011/03/15 19:25 -> request for id slglEo708Ukn received
2011/03/15 19:25 -> {"idea_id":"6","idea_name":"dsaf","idea_mail":"asd","idea_description":"sadfdsfg","idea_timestamp":"2011-03-13 16:32:10","idea_uniqueId":"slglEo708Ukn"}
2011/03/15 19:25 -> FileHandle closed
2011/03/15 19:25 -> FileHandle opened
2011/03/15 19:25 -> request for id slglEo708Ukn received
2011/03/15 19:25 -> {"idea_id":"6","idea_name":"dsaf","idea_mail":"asd","idea_description":"sadfdsfg","idea_timestamp":"2011-03-13 16:32:10","idea_uniqueId":"slglEo708Ukn"}
2011/03/15 19:25 -> FileHandle closed
2011/03/15 19:29 -> FileHandle opened
2011/03/15 19:29 -> request for id slglEo708Ukn received
2011/03/15 19:29 -> {"idea_id":"6","idea_name":"dsaf","idea_mail":"asd","idea_description":"sadfdsfg","idea_timestamp":"2011-03-13 16:32:10","idea_uniqueId":"slglEo708Ukn"}
2011/03/15 19:29 -> FileHandle closed
2011/03/15 19:36 -> FileHandle opened
2011/03/15 19:36 -> request for id  received
2011/03/15 19:36 -> {"idea_id":"31","idea_name":"dsdsdfg","idea_mail":"dfsgdfsdfg","idea_description":"sdfdfsgdfgsgdfs","idea_timestamp":"2011-03-14 17:49:35","idea_uniqueId":""}
2011/03/15 19:36 -> FileHandle closed
2011/03/15 19:36 -> FileHandle opened
2011/03/15 19:36 -> request for id slglEo708Ukn received
2011/03/15 19:36 -> {"idea_id":"6","idea_name":"dsaf","idea_mail":"asd","idea_description":"sadfdsfg","idea_timestamp":"2011-03-13 16:32:10","idea_uniqueId":"slglEo708Ukn"}
2011/03/15 19:36 -> FileHandle closed
2011/03/15 19:39 -> FileHandle opened
2011/03/15 19:39 -> request for id slglEo708Ukn received
2011/03/15 19:39 -> {"idea_id":"6","idea_name":"dsaf","idea_mail":"asd","idea_description":"sadfdsfg","idea_timestamp":"2011-03-13 16:32:10","idea_uniqueId":"slglEo708Ukn"}
2011/03/15 19:39 -> FileHandle closed
2011/03/15 19:40 -> FileHandle opened
2011/03/15 19:40 -> request for id slglEo708Ukn received
2011/03/15 19:40 -> {"idea_id":"6","idea_name":"dsaf","idea_mail":"asd","idea_description":"sadfdsfg","idea_timestamp":"2011-03-13 16:32:10","idea_uniqueId":"slglEo708Ukn"}
2011/03/15 19:40 -> FileHandle closed
2011/03/15 19:40 -> FileHandle opened
2011/03/15 19:40 -> request for id slglEo708Ukn received
2011/03/15 19:40 -> {"idea_id":"6","idea_name":"dsaf","idea_mail":"asd","idea_description":"sadfdsfg","idea_timestamp":"2011-03-13 16:32:10","idea_uniqueId":"slglEo708Ukn"}
2011/03/15 19:40 -> FileHandle closed
2011/03/15 19:46 -> FileHandle opened
2011/03/15 19:46 -> FileHandle closed
2011/03/15 19:47 -> FileHandle opened
2011/03/15 19:47 -> request for id demo received
2011/03/15 19:47 -> {"idea_id":"1","idea_name":"John Doe from Detroit","idea_mail":"johndoe@examlpe.org","idea_description":"I need something like twitter for my in-corporate communication. it should be accessible via web and your should post url to documents...nothing more...\r\n\r\nplease help me out","idea_timestamp":"2011-03-15 19:46:54","idea_uniqueId":"demo"}
2011/03/15 19:47 -> FileHandle closed
2011/03/15 19:48 -> FileHandle opened
2011/03/15 19:48 -> request for id 213123 received
2011/03/15 19:48 -> {"idea_id":null,"idea_name":null,"idea_mail":null,"idea_description":null,"idea_timestamp":null,"idea_uniqueId":"213123"}
2011/03/15 19:48 -> FileHandle closed
2011/03/15 19:48 -> FileHandle opened
2011/03/15 19:48 -> request for id demo received
2011/03/15 19:48 -> {"idea_id":"1","idea_name":"John Doe from Detroit","idea_mail":"johndoe@examlpe.org","idea_description":"I need something like twitter for my in-corporate communication. it should be accessible via web and your should post url to documents...nothing more...\r\n\r\nplease help me out","idea_timestamp":"2011-03-15 19:46:54","idea_uniqueId":"demo"}
2011/03/15 19:48 -> FileHandle closed
2011/03/15 19:58 -> FileHandle opened
2011/03/15 19:58 -> request for id de received
2011/03/15 19:58 -> {"idea_id":null,"idea_name":null,"idea_mail":null,"idea_description":null,"idea_timestamp":null,"idea_uniqueId":"de"}
2011/03/15 19:58 -> FileHandle closed
2011/03/15 19:58 -> FileHandle opened
2011/03/15 19:58 -> request for id demo received
2011/03/15 19:58 -> {"idea_id":"1","idea_name":"John Doe from Detroit","idea_mail":"johndoe@examlpe.org","idea_description":"I need something like twitter for my in-corporate communication. it should be accessible via web and your should post url to documents...nothing more...\r\n\r\nplease help me out","idea_timestamp":"2011-03-15 19:46:54","idea_uniqueId":"demo"}
2011/03/15 19:58 -> FileHandle closed
2011/03/15 20:00 -> FileHandle opened
2011/03/15 20:00 -> request for id  received
2011/03/15 20:00 -> {"idea_id":null,"idea_name":null,"idea_mail":null,"idea_description":null,"idea_timestamp":null,"idea_uniqueId":""}
2011/03/15 20:00 -> FileHandle closed
2011/03/15 20:00 -> FileHandle opened
2011/03/15 20:00 -> request for id demo received
2011/03/15 20:00 -> {"idea_id":"1","idea_name":"John Doe from Detroit","idea_mail":"johndoe@examlpe.org","idea_description":"I need something like twitter for my in-corporate communication. it should be accessible via web and your should post url to documents...nothing more...\r\n\r\nplease help me out","idea_timestamp":"2011-03-15 19:46:54","idea_uniqueId":"demo"}
2011/03/15 20:00 -> FileHandle closed
2011/03/15 20:00 -> FileHandle opened
2011/03/15 20:00 -> request for id demo received
2011/03/15 20:00 -> {"idea_id":"1","idea_name":"John Doe from Detroit","idea_mail":"johndoe@examlpe.org","idea_description":"I need something like twitter for my in-corporate communication. it should be accessible via web and your should post url to documents...nothing more...\r\n\r\nplease help me out","idea_timestamp":"2011-03-15 19:46:54","idea_uniqueId":"demo"}
2011/03/15 20:00 -> FileHandle closed
2011/03/15 20:00 -> FileHandle opened
2011/03/15 20:00 -> request for id demo1 received
2011/03/15 20:00 -> {"idea_id":null,"idea_name":null,"idea_mail":null,"idea_description":null,"idea_timestamp":null,"idea_uniqueId":"demo1"}
2011/03/15 20:00 -> FileHandle closed
2011/03/15 20:00 -> FileHandle opened
2011/03/15 20:00 -> request for id demo received
2011/03/15 20:00 -> {"idea_id":"1","idea_name":"John Doe from Detroit","idea_mail":"johndoe@examlpe.org","idea_description":"I need something like twitter for my in-corporate communication. it should be accessible via web and your should post url to documents...nothing more...\r\n\r\nplease help me out","idea_timestamp":"2011-03-15 19:46:54","idea_uniqueId":"demo"}
2011/03/15 20:00 -> FileHandle closed
2011/03/16 18:32 -> FileHandle opened
2011/03/16 18:32 -> request for id demo received
2011/03/16 18:32 -> {"idea_id":"1","idea_name":"John Doe from Detroit","idea_mail":"johndoe@examlpe.org","idea_description":"I need something like twitter for my in-corporate communication. it should be accessible via web and your should post url to documents...nothing more...\r\n\r\nplease help me out","idea_timestamp":"2011-03-15 19:46:54","idea_uniqueId":"demo"}
2011/03/16 18:32 -> FileHandle closed
2011/03/16 18:32 -> FileHandle opened
2011/03/16 18:32 -> request for id  received
2011/03/16 18:32 -> {"idea_id":null,"idea_name":null,"idea_mail":null,"idea_description":null,"idea_timestamp":null,"idea_uniqueId":""}
2011/03/16 18:32 -> FileHandle closed
2011/03/16 18:33 -> FileHandle opened
2011/03/16 18:33 -> request for id demo received
2011/03/16 18:33 -> {"idea_id":"1","idea_name":"John Doe from Detroit","idea_mail":"johndoe@examlpe.org","idea_description":"I need something like twitter for my in-corporate communication. it should be accessible via web and your should post url to documents...nothing more...\r\n\r\nplease help me out","idea_timestamp":"2011-03-15 19:46:54","idea_uniqueId":"demo"}
2011/03/16 18:33 -> FileHandle closed
2011/03/16 18:34 -> FileHandle opened
2011/03/16 18:34 -> request for id demo received
2011/03/16 18:34 -> {"idea_id":"1","idea_name":"John Doe from Detroit","idea_mail":"johndoe@examlpe.org","idea_description":"I need something like twitter for my in-corporate communication. it should be accessible via web and your should post url to documents...nothing more...\r\n\r\nplease help me out","idea_timestamp":"2011-03-15 19:46:54","idea_uniqueId":"demo"}
2011/03/16 18:34 -> FileHandle closed
2011/03/16 18:35 -> FileHandle opened
2011/03/16 18:35 -> request for id  received
2011/03/16 18:35 -> {"idea_id":null,"idea_name":null,"idea_mail":null,"idea_description":null,"idea_timestamp":null,"idea_uniqueId":""}
2011/03/16 18:35 -> FileHandle closed
2011/03/16 18:36 -> FileHandle opened
2011/03/16 18:36 -> request for id demo received
2011/03/16 18:36 -> {"idea_id":"1","idea_name":"John Doe from Detroit","idea_mail":"johndoe@examlpe.org","idea_description":"I need something like twitter for my in-corporate communication. it should be accessible via web and your should post url to documents...nothing more...\r\n\r\nplease help me out","idea_timestamp":"2011-03-15 19:46:54","idea_uniqueId":"demo"}
2011/03/16 18:36 -> FileHandle closed
2011/03/16 18:36 -> FileHandle opened
2011/03/16 18:36 -> request for id demo received
2011/03/16 18:36 -> {"idea_id":"1","idea_name":"John Doe from Detroit","idea_mail":"johndoe@examlpe.org","idea_description":"I need something like twitter for my in-corporate communication. it should be accessible via web and your should post url to documents...nothing more...\r\n\r\nplease help me out","idea_timestamp":"2011-03-15 19:46:54","idea_uniqueId":"demo"}
2011/03/16 18:36 -> FileHandle closed
2011/03/16 18:37 -> FileHandle opened
2011/03/16 18:37 -> request for id demo received
2011/03/16 18:37 -> {"idea_id":"1","idea_name":"John Doe from Detroit","idea_mail":"johndoe@examlpe.org","idea_description":"I need something like twitter for my in-corporate communication. it should be accessible via web and your should post url to documents...nothing more...\r\n\r\nplease help me out","idea_timestamp":"2011-03-15 19:46:54","idea_uniqueId":"demo"}
2011/03/16 18:37 -> FileHandle closed
2011/03/16 18:37 -> FileHandle opened
2011/03/16 18:37 -> request for id demo received
2011/03/16 18:37 -> {"idea_id":"1","idea_name":"John Doe from Detroit","idea_mail":"johndoe@examlpe.org","idea_description":"I need something like twitter for my in-corporate communication. it should be accessible via web and your should post url to documents...nothing more...\r\n\r\nplease help me out","idea_timestamp":"2011-03-15 19:46:54","idea_uniqueId":"demo"}
2011/03/16 18:37 -> FileHandle closed
2011/03/16 18:37 -> FileHandle opened
2011/03/16 18:37 -> request for id demo received
2011/03/16 18:37 -> {"idea_id":"1","idea_name":"John Doe from Detroit","idea_mail":"johndoe@examlpe.org","idea_description":"I need something like twitter for my in-corporate communication. it should be accessible via web and your should post url to documents...nothing more...\r\n\r\nplease help me out","idea_timestamp":"2011-03-15 19:46:54","idea_uniqueId":"demo"}
2011/03/16 18:37 -> FileHandle closed
2011/03/16 18:37 -> FileHandle opened
2011/03/16 18:37 -> request for id demo received
2011/03/16 18:37 -> {"idea_id":"1","idea_name":"John Doe from Detroit","idea_mail":"johndoe@examlpe.org","idea_description":"I need something like twitter for my in-corporate communication. it should be accessible via web and your should post url to documents...nothing more...\r\n\r\nplease help me out","idea_timestamp":"2011-03-15 19:46:54","idea_uniqueId":"demo"}
2011/03/16 18:37 -> FileHandle closed
2011/03/16 18:38 -> FileHandle opened
2011/03/16 18:38 -> request for id demo received
2011/03/16 18:38 -> {"idea_id":"1","idea_name":"John Doe from Detroit","idea_mail":"johndoe@examlpe.org","idea_description":"I need something like twitter for my in-corporate communication. it should be accessible via web and your should post url to documents...nothing more...\r\n\r\nplease help me out","idea_timestamp":"2011-03-15 19:46:54","idea_uniqueId":"demo"}
2011/03/16 18:38 -> FileHandle closed
2011/03/16 18:39 -> FileHandle opened
2011/03/16 18:39 -> request for id demo received
2011/03/16 18:39 -> {"idea_id":"1","idea_name":"John Doe from Detroit","idea_mail":"johndoe@examlpe.org","idea_description":"I need something like twitter for my in-corporate communication. it should be accessible via web and your should post url to documents...nothing more...\r\n\r\nplease help me out","idea_timestamp":"2011-03-15 19:46:54","idea_uniqueId":"demo"}
2011/03/16 18:39 -> FileHandle closed
2011/03/16 18:39 -> FileHandle opened
2011/03/16 18:39 -> request for id demo received
2011/03/16 18:39 -> {"idea_id":"1","idea_name":"John Doe from Detroit","idea_mail":"johndoe@examlpe.org","idea_description":"I need something like twitter for my in-corporate communication. it should be accessible via web and your should post url to documents...nothing more...\r\n\r\nplease help me out","idea_timestamp":"2011-03-15 19:46:54","idea_uniqueId":"demo"}
2011/03/16 18:39 -> FileHandle closed
2011/03/16 18:39 -> FileHandle opened
2011/03/16 18:39 -> request for id demo received
2011/03/16 18:39 -> {"idea_id":"1","idea_name":"John Doe from Detroit","idea_mail":"johndoe@examlpe.org","idea_description":"I need something like twitter for my in-corporate communication. it should be accessible via web and your should post url to documents...nothing more...\r\n\r\nplease help me out","idea_timestamp":"2011-03-15 19:46:54","idea_uniqueId":"demo"}
2011/03/16 18:39 -> FileHandle closed
2011/03/16 18:41 -> FileHandle opened
2011/03/16 18:41 -> request for id demo received
2011/03/16 18:41 -> {"idea_id":"1","idea_name":"John Doe from Detroit","idea_mail":"johndoe@examlpe.org","idea_description":"I need something like twitter for my in-corporate communication. it should be accessible via web and your should post url to documents...nothing more...\r\n\r\nplease help me out","idea_timestamp":"2011-03-15 19:46:54","idea_uniqueId":"demo"}
2011/03/16 18:41 -> FileHandle closed
2011/03/16 18:41 -> FileHandle opened
2011/03/16 18:41 -> request for id demo received
2011/03/16 18:41 -> {"idea_id":"1","idea_name":"John Doe from Detroit","idea_mail":"johndoe@examlpe.org","idea_description":"I need something like twitter for my in-corporate communication. it should be accessible via web and your should post url to documents...nothing more...\r\n\r\nplease help me out","idea_timestamp":"2011-03-15 19:46:54","idea_uniqueId":"demo"}
2011/03/16 18:41 -> FileHandle closed
2011/03/16 18:52 -> FileHandle opened
2011/03/16 18:52 -> FileHandle closed
2011/03/16 18:52 -> FileHandle opened
2011/03/16 18:52 -> FileHandle closed
2011/03/16 18:52 -> FileHandle opened
2011/03/16 18:52 -> FileHandle closed
2011/03/16 18:52 -> FileHandle opened
2011/03/16 18:52 -> FileHandle closed
2011/03/16 18:52 -> FileHandle opened
2011/03/16 18:52 -> FileHandle closed
2011/03/16 18:53 -> FileHandle opened
2011/03/16 18:53 -> FileHandle closed
2011/03/16 18:53 -> FileHandle opened
2011/03/16 18:55 -> FileHandle opened
2011/03/16 18:55 -> FileHandle closed
2011/03/16 18:55 -> FileHandle opened
2011/03/16 18:55 -> FileHandle closed
2011/03/16 18:56 -> FileHandle opened
2011/03/16 18:56 -> FileHandle opened
2011/03/16 18:56 -> FileHandle closed
2011/03/16 18:58 -> FileHandle opened
2011/03/16 18:58 -> request for id demo received
2011/03/16 18:58 -> {"idea_id":"1","idea_name":"John Doe from Detroit","idea_mail":"johndoe@examlpe.org","idea_description":"I need something like twitter for my in-corporate communication. it should be accessible via web and your should post url to documents...nothing more...\r\n\r\nplease help me out","idea_timestamp":"2011-03-15 19:46:54","idea_uniqueId":"demo"}
2011/03/16 18:58 -> FileHandle closed
2011/03/16 18:58 -> FileHandle opened
2011/03/16 18:58 -> request for id 1,tag=aaa received
2011/03/16 18:58 -> {"idea_id":null,"idea_name":null,"idea_mail":null,"idea_description":null,"idea_timestamp":null,"idea_uniqueId":"1,tag=aaa"}
2011/03/16 18:58 -> FileHandle closed
2011/03/16 19:00 -> FileHandle opened
2011/03/16 19:00 -> request for id 1,tag= received
2011/03/16 19:00 -> {"idea_id":null,"idea_name":null,"idea_mail":null,"idea_description":null,"idea_timestamp":null,"idea_uniqueId":"1,tag="}
2011/03/16 19:00 -> FileHandle closed
2011/03/16 19:00 -> FileHandle opened
2011/03/16 19:00 -> request for id 1,tag=aaa received
2011/03/16 19:00 -> {"idea_id":null,"idea_name":null,"idea_mail":null,"idea_description":null,"idea_timestamp":null,"idea_uniqueId":"1,tag=aaa"}
2011/03/16 19:00 -> FileHandle closed
2011/03/16 19:00 -> FileHandle opened
2011/03/16 19:00 -> request for id 1,tag= received
2011/03/16 19:00 -> {"idea_id":null,"idea_name":null,"idea_mail":null,"idea_description":null,"idea_timestamp":null,"idea_uniqueId":"1,tag="}
2011/03/16 19:00 -> FileHandle closed
2011/03/16 19:00 -> FileHandle opened
2011/03/16 19:00 -> request for id 1,tag=aaa received
2011/03/16 19:00 -> {"idea_id":null,"idea_name":null,"idea_mail":null,"idea_description":null,"idea_timestamp":null,"idea_uniqueId":"1,tag=aaa"}
2011/03/16 19:00 -> FileHandle closed
2011/03/16 19:00 -> FileHandle opened
2011/03/16 19:00 -> request for id 1,tag=aaa received
2011/03/16 19:00 -> {"idea_id":null,"idea_name":null,"idea_mail":null,"idea_description":null,"idea_timestamp":null,"idea_uniqueId":"1,tag=aaa"}
2011/03/16 19:00 -> FileHandle closed
2011/03/16 19:01 -> FileHandle opened
2011/03/16 19:01 -> request for id 1,tag=aaa received
2011/03/16 19:01 -> {"idea_id":null,"idea_name":null,"idea_mail":null,"idea_description":null,"idea_timestamp":null,"idea_uniqueId":"1,tag=aaa"}
2011/03/16 19:01 -> FileHandle closed
2011/03/16 19:02 -> FileHandle opened
2011/03/16 19:02 -> request for id demo received
2011/03/16 19:02 -> {"idea_id":"1","idea_name":"John Doe from Detroit","idea_mail":"johndoe@examlpe.org","idea_description":"I need something like twitter for my in-corporate communication. it should be accessible via web and your should post url to documents...nothing more...\r\n\r\nplease help me out","idea_timestamp":"2011-03-15 19:46:54","idea_uniqueId":"demo"}
2011/03/16 19:02 -> FileHandle closed
2011/03/16 19:02 -> FileHandle opened
2011/03/16 19:02 -> FileHandle closed
2011/03/16 19:02 -> FileHandle opened
2011/03/16 19:02 -> FileHandle closed
2011/03/16 19:03 -> FileHandle opened
2011/03/16 19:03 -> FileHandle closed
2011/03/16 19:04 -> FileHandle opened
2011/03/16 19:04 -> 1,tag=sfdsfsd
2011/03/16 19:04 -> 
2011/03/16 19:04 -> FileHandle closed
2011/03/16 19:06 -> FileHandle opened
2011/03/16 19:06 -> 
2011/03/16 19:06 -> 
2011/03/16 19:06 -> request for id demo received
2011/03/16 19:06 -> {"idea_id":"1","idea_name":"John Doe from Detroit","idea_mail":"johndoe@examlpe.org","idea_description":"I need something like twitter for my in-corporate communication. it should be accessible via web and your should post url to documents...nothing more...\r\n\r\nplease help me out","idea_timestamp":"2011-03-15 19:46:54","idea_uniqueId":"demo"}
2011/03/16 19:06 -> FileHandle closed
2011/03/16 19:06 -> FileHandle opened
2011/03/16 19:06 -> 1
2011/03/16 19:06 -> aaa
2011/03/16 19:06 -> request for adding tag aaato 
2011/03/16 19:06 -> FileHandle closed
2011/03/16 19:06 -> FileHandle opened
2011/03/16 19:06 -> request for id demo received
2011/03/16 19:06 -> {"idea_id":"1","idea_name":"John Doe from Detroit","idea_mail":"johndoe@examlpe.org","idea_description":"I need something like twitter for my in-corporate communication. it should be accessible via web and your should post url to documents...nothing more...\r\n\r\nplease help me out","idea_timestamp":"2011-03-15 19:46:54","idea_uniqueId":"demo"}
2011/03/16 19:06 -> FileHandle closed
2011/03/16 19:07 -> FileHandle opened
2011/03/16 19:07 -> request for adding tag aaato 1
2011/03/16 19:07 -> FileHandle closed
2011/03/16 19:07 -> FileHandle opened
2011/03/16 19:07 -> request for adding tag secondto 1
2011/03/16 19:07 -> FileHandle closed
2011/03/16 19:07 -> FileHandle opened
2011/03/16 19:07 -> request for id demo received
2011/03/16 19:07 -> {"idea_id":"1","idea_name":"John Doe from Detroit","idea_mail":"johndoe@examlpe.org","idea_description":"I need something like twitter for my in-corporate communication. it should be accessible via web and your should post url to documents...nothing more...\r\n\r\nplease help me out","idea_timestamp":"2011-03-15 19:46:54","idea_uniqueId":"demo"}
2011/03/16 19:07 -> FileHandle closed
2011/03/16 19:08 -> FileHandle opened
2011/03/16 19:08 -> request for adding tag secondto 1
2011/03/16 19:08 -> FileHandle closed
2011/03/16 19:08 -> FileHandle opened
2011/03/16 19:08 -> request for id demo received
2011/03/16 19:08 -> {"idea_id":"1","idea_name":"John Doe from Detroit","idea_mail":"johndoe@examlpe.org","idea_description":"I need something like twitter for my in-corporate communication. it should be accessible via web and your should post url to documents...nothing more...\r\n\r\nplease help me out","idea_timestamp":"2011-03-15 19:46:54","idea_uniqueId":"demo"}
2011/03/16 19:08 -> FileHandle closed
2011/03/16 19:08 -> FileHandle opened
2011/03/16 19:08 -> request for adding tag secondto 1
2011/03/16 19:08 -> FileHandle closed
2011/03/16 19:13 -> FileHandle opened
2011/03/16 19:13 -> request for id demo received
2011/03/16 19:13 -> {"idea_id":"1","idea_name":"John Doe from Detroit","idea_mail":"johndoe@examlpe.org","idea_description":"I need something like twitter for my in-corporate communication. it should be accessible via web and your should post url to documents...nothing more...\r\n\r\nplease help me out","idea_timestamp":"2011-03-15 19:46:54","idea_uniqueId":"demo"}
2011/03/16 19:13 -> FileHandle closed
2011/03/16 19:13 -> FileHandle opened
2011/03/16 19:13 -> request for adding tag secondto 1
2011/03/16 19:13 -> FileHandle closed
2011/03/16 19:14 -> FileHandle opened
2011/03/16 19:14 -> request for adding tag thirdto 1
2011/03/16 19:14 -> FileHandle closed
2011/03/17 19:07 -> FileHandle opened
2011/03/17 19:07 -> FileHandle opened
2011/03/17 19:07 -> request for adding tag to 
2011/03/17 19:07 -> request for adding tag to 
2011/03/17 19:07 -> FileHandle closed
2011/03/17 19:07 -> FileHandle closed
2011/03/17 19:07 -> FileHandle opened
2011/03/17 19:07 -> request for id demo received
2011/03/17 19:07 -> {"idea_id":"1","idea_name":"John Doe from Detroit","idea_mail":"johndoe@examlpe.org","idea_description":"I need something like twitter for my in-corporate communication. it should be accessible via web and your should post url to documents...nothing more...\r\n\r\nplease help me out","idea_timestamp":"2011-03-15 19:46:54","idea_uniqueId":"demo"}
2011/03/17 19:07 -> FileHandle closed
2011/03/17 21:45 -> FileHandle opened
2011/03/17 21:45 -> request for id demo received
2011/03/17 21:45 -> {"idea_id":"1","idea_name":"John Doe from Detroit","idea_mail":"johndoe@examlpe.org","idea_description":"I need something like twitter for my in-corporate communication. it should be accessible via web and your should post url to documents...nothing more...\r\n\r\nplease help me out","idea_timestamp":"2011-03-15 19:46:54","idea_uniqueId":"demo"}
2011/03/17 21:45 -> FileHandle closed
2011/03/17 21:45 -> FileHandle opened
2011/03/17 21:45 -> request for id demo received
2011/03/17 21:45 -> {"idea_id":"1","idea_name":"John Doe from Detroit","idea_mail":"johndoe@examlpe.org","idea_description":"I need something like twitter for my in-corporate communication. it should be accessible via web and your should post url to documents...nothing more...\r\n\r\nplease help me out","idea_timestamp":"2011-03-15 19:46:54","idea_uniqueId":"demo"}
2011/03/17 21:45 -> FileHandle closed
2011/03/17 21:45 -> FileHandle opened
2011/03/17 21:45 -> request for adding tag secondto 1
2011/03/17 21:45 -> FileHandle closed
2011/03/17 21:47 -> FileHandle opened
2011/03/17 21:47 -> FileHandle closed
2011/03/17 21:47 -> FileHandle opened
2011/03/17 21:47 -> request for id NRVepBehAq17V1IG8UMWM1kOz received
2011/03/17 21:47 -> {"idea_id":null,"idea_name":null,"idea_mail":null,"idea_description":null,"idea_timestamp":null,"idea_uniqueId":"NRVepBehAq17V1IG8UMWM1kOz"}
2011/03/17 21:47 -> FileHandle closed
2011/03/17 21:48 -> FileHandle opened
2011/03/17 21:48 -> request for id NRVepBehAq17V1IG8UMWM1kOz received
2011/03/17 21:48 -> {"idea_id":"2","idea_name":"The Origin","idea_mail":"origin@examlpe.org","idea_description":"i need a web interface for storing all my ideas and sharing them with people who can probably help me with realization. \r\n\r\ngreetings","idea_timestamp":"2011-03-17 21:47:35","idea_uniqueId":"NRVepBehAq17V1IG8UMWM1kOz"}
2011/03/17 21:48 -> FileHandle closed
2011/03/17 21:48 -> FileHandle opened
2011/03/17 21:48 -> request for adding tag secondto 2
2011/03/17 21:48 -> FileHandle closed
2011/03/17 21:48 -> FileHandle opened
2011/03/17 21:48 -> request for adding tag thirdto 2
2011/03/17 21:48 -> FileHandle closed
2011/03/17 21:57 -> FileHandle opened
2011/03/17 21:57 -> request for loading cloud
2011/03/17 21:57 -> FileHandle closed
2011/03/17 21:57 -> FileHandle opened
2011/03/17 21:57 -> request for loading cloud
2011/03/17 21:57 -> FileHandle closed
2011/03/17 21:58 -> FileHandle opened
2011/03/17 21:58 -> request for loading cloud
2011/03/17 21:58 -> FileHandle closed
2011/03/17 22:02 -> FileHandle opened
2011/03/17 22:02 -> request for loading cloud
2011/03/17 22:02 -> FileHandle closed
2011/03/18 18:21 -> FileHandle opened
2011/03/18 18:21 -> request for loading cloud
2011/03/18 18:21 -> FileHandle closed
2011/03/18 18:21 -> FileHandle opened
2011/03/18 18:21 -> request for loading cloud
2011/03/18 18:21 -> FileHandle closed
2011/03/18 18:22 -> FileHandle opened
2011/03/18 18:22 -> request for loading cloud
2011/03/18 18:22 -> FileHandle closed
2011/03/18 18:22 -> FileHandle opened
2011/03/18 18:22 -> request for loading cloud
2011/03/18 18:22 -> FileHandle closed
2011/03/18 18:22 -> FileHandle opened
2011/03/18 18:22 -> request for loading cloud
2011/03/18 18:22 -> FileHandle closed
2011/03/18 18:22 -> FileHandle opened
2011/03/18 18:22 -> request for loading cloud
2011/03/18 18:22 -> FileHandle closed
2011/03/18 18:22 -> FileHandle opened
2011/03/18 18:22 -> request for loading cloud
2011/03/18 18:22 -> FileHandle closed
2011/03/18 18:25 -> FileHandle opened
2011/03/18 18:25 -> request for loading cloud
2011/03/18 18:25 -> FileHandle closed
2011/03/18 18:25 -> FileHandle opened
2011/03/18 18:25 -> request for loading cloud
2011/03/18 18:25 -> FileHandle closed
2011/03/18 18:26 -> FileHandle opened
2011/03/18 18:26 -> request for loading cloud
2011/03/18 18:26 -> FileHandle closed
2011/03/18 18:26 -> FileHandle opened
2011/03/18 18:26 -> request for loading cloud
2011/03/18 18:26 -> FileHandle closed
2011/03/18 18:26 -> FileHandle opened
2011/03/18 18:26 -> request for loading cloud
2011/03/18 18:26 -> FileHandle closed
2011/03/18 18:33 -> FileHandle opened
2011/03/18 18:33 -> request for loading cloud
2011/03/18 18:33 -> FileHandle closed
2011/03/18 18:34 -> FileHandle opened
2011/03/18 18:34 -> request for loading cloud
2011/03/18 18:34 -> FileHandle closed
2011/03/18 18:35 -> FileHandle opened
2011/03/18 18:35 -> request for loading cloud
2011/03/18 18:35 -> FileHandle closed
2011/03/18 18:36 -> FileHandle opened
2011/03/18 18:36 -> request for loading cloud
2011/03/18 18:36 -> FileHandle closed
2011/03/18 18:52 -> FileHandle opened
2011/03/18 18:52 -> request for loading cloud
2011/03/18 18:52 -> FileHandle closed
2011/03/18 18:52 -> FileHandle opened
2011/03/18 18:52 -> request for loading cloud
2011/03/18 18:52 -> FileHandle closed
2011/03/18 18:53 -> FileHandle opened
2011/03/18 18:53 -> request for loading cloud
2011/03/18 18:53 -> FileHandle closed
2011/03/18 18:54 -> FileHandle opened
2011/03/18 18:54 -> request for loading cloud
2011/03/18 18:54 -> FileHandle closed
2011/03/18 18:54 -> FileHandle opened
2011/03/18 18:54 -> request for loading cloud
2011/03/18 18:54 -> FileHandle closed
2011/03/18 18:54 -> FileHandle opened
2011/03/18 18:54 -> request for loading cloud
2011/03/18 18:54 -> FileHandle closed
2011/03/18 19:02 -> FileHandle opened
2011/03/18 19:02 -> request for loading cloud
2011/03/18 19:02 -> FileHandle closed
2011/03/18 19:03 -> FileHandle opened
2011/03/18 19:03 -> request for loading cloud
2011/03/18 19:03 -> FileHandle closed
2011/03/18 19:13 -> FileHandle opened
2011/03/18 19:13 -> request for loading cloud
2011/03/18 19:13 -> FileHandle closed
2011/03/18 19:15 -> FileHandle opened
2011/03/18 19:15 -> request for loading cloud
2011/03/18 19:15 -> FileHandle closed
2011/03/19 12:40 -> FileHandle opened
2011/03/19 12:40 -> request for loading cloud
2011/03/19 12:40 -> FileHandle closed
2011/03/19 12:48 -> FileHandle opened
2011/03/19 12:48 -> request for loading cloud
2011/03/19 12:48 -> FileHandle closed
2011/03/19 12:54 -> FileHandle opened
2011/03/19 12:54 -> request for loading cloud
2011/03/19 12:54 -> FileHandle closed
2011/03/19 12:55 -> FileHandle opened
2011/03/19 12:55 -> request for loading cloud
2011/03/19 12:55 -> FileHandle closed
2011/03/19 12:56 -> FileHandle opened
2011/03/19 12:56 -> request for loading cloud
2011/03/19 12:56 -> FileHandle closed
2011/03/19 12:57 -> FileHandle opened
2011/03/19 12:57 -> request for loading cloud
2011/03/19 12:57 -> FileHandle closed
2011/03/19 12:58 -> FileHandle opened
2011/03/19 12:58 -> request for loading cloud
2011/03/19 12:58 -> FileHandle closed
2011/03/19 12:59 -> FileHandle opened
2011/03/19 12:59 -> request for loading cloud
2011/03/19 12:59 -> FileHandle closed
2011/03/19 12:59 -> FileHandle opened
2011/03/19 12:59 -> request for loading cloud
2011/03/19 12:59 -> FileHandle closed
2011/03/19 13:01 -> FileHandle opened
2011/03/19 13:01 -> request for loading cloud
2011/03/19 13:01 -> FileHandle closed
2011/03/19 13:01 -> FileHandle opened
2011/03/19 13:01 -> request for loading cloud
2011/03/19 13:01 -> FileHandle closed
2011/03/19 13:01 -> FileHandle opened
2011/03/19 13:01 -> request for loading cloud
2011/03/19 13:01 -> FileHandle closed
2011/03/19 13:02 -> FileHandle opened
2011/03/19 13:02 -> FileHandle closed
2011/03/19 13:02 -> FileHandle opened
2011/03/19 13:02 -> request for loading cloud
2011/03/19 13:02 -> FileHandle closed
2011/03/19 13:02 -> FileHandle opened
2011/03/19 13:02 -> request for loading cloud
2011/03/19 13:02 -> FileHandle closed
2011/03/19 13:02 -> FileHandle opened
2011/03/19 13:02 -> request for loading cloud
2011/03/19 13:02 -> FileHandle closed
2011/03/19 13:02 -> FileHandle opened
2011/03/19 13:02 -> request for id idea1 received
2011/03/19 13:02 -> {"idea_id":null,"idea_name":null,"idea_mail":null,"idea_description":null,"idea_timestamp":null,"idea_uniqueId":"idea1"}
2011/03/19 13:02 -> FileHandle closed
2011/03/19 13:02 -> FileHandle opened
2011/03/19 13:02 -> request for adding tag anotherTagto 
2011/03/19 13:02 -> FileHandle closed
2011/03/19 13:02 -> FileHandle opened
2011/03/19 13:02 -> request for adding tag justAnotherTagto 
2011/03/19 13:02 -> FileHandle closed
2011/03/19 13:03 -> FileHandle opened
2011/03/19 13:03 -> request for adding tag getAnotherto 
2011/03/19 13:03 -> FileHandle closed
2011/03/19 13:03 -> FileHandle opened
2011/03/19 13:03 -> request for adding tag taggedto 
2011/03/19 13:03 -> FileHandle closed
2011/03/19 13:03 -> FileHandle opened
2011/03/19 13:03 -> request for id demo received
2011/03/19 13:03 -> {"idea_id":"1","idea_name":"John Doe from Detroit","idea_mail":"johndoe@examlpe.org","idea_description":"I need something like twitter for my in-corporate communication. it should be accessible via web and your should post url to documents...nothing more...\r\n\r\nplease help me out","idea_timestamp":"2011-03-15 19:46:54","idea_uniqueId":"demo"}
2011/03/19 13:03 -> FileHandle closed
2011/03/19 13:03 -> FileHandle opened
2011/03/19 13:03 -> request for adding tag taggedto 1
2011/03/19 13:03 -> FileHandle closed
2011/03/19 13:03 -> FileHandle opened
2011/03/19 13:03 -> request for loading cloud
2011/03/19 13:03 -> FileHandle closed
2011/03/19 13:03 -> FileHandle opened
2011/03/19 13:03 -> request for id demo received
2011/03/19 13:03 -> {"idea_id":"1","idea_name":"John Doe from Detroit","idea_mail":"johndoe@examlpe.org","idea_description":"I need something like twitter for my in-corporate communication. it should be accessible via web and your should post url to documents...nothing more...\r\n\r\nplease help me out","idea_timestamp":"2011-03-15 19:46:54","idea_uniqueId":"demo"}
2011/03/19 13:03 -> FileHandle closed
2011/03/19 13:03 -> FileHandle opened
2011/03/19 13:03 -> request for adding tag taggedto 1
2011/03/19 13:03 -> FileHandle closed
2011/03/19 13:03 -> FileHandle opened
2011/03/19 13:03 -> request for loading cloud
2011/03/19 13:03 -> FileHandle closed
2011/03/19 13:03 -> FileHandle opened
2011/03/19 13:03 -> request for id demo received
2011/03/19 13:03 -> {"idea_id":"1","idea_name":"John Doe from Detroit","idea_mail":"johndoe@examlpe.org","idea_description":"I need something like twitter for my in-corporate communication. it should be accessible via web and your should post url to documents...nothing more...\r\n\r\nplease help me out","idea_timestamp":"2011-03-15 19:46:54","idea_uniqueId":"demo"}
2011/03/19 13:03 -> FileHandle closed
2011/03/19 13:03 -> FileHandle opened
2011/03/19 13:03 -> request for adding tag taggedto 1
2011/03/19 13:03 -> FileHandle closed
2011/03/19 13:03 -> FileHandle opened
2011/03/19 13:03 -> request for loading cloud
2011/03/19 13:03 -> FileHandle closed
2011/03/19 13:05 -> FileHandle opened
2011/03/19 13:05 -> request for loading cloud
2011/03/19 13:06 -> FileHandle opened
2011/03/19 13:06 -> request for loading cloud
2011/03/19 13:06 -> FileHandle closed
2011/03/19 13:06 -> FileHandle opened
2011/03/19 13:06 -> request for loading cloud
2011/03/19 13:06 -> FileHandle closed
2011/03/19 13:07 -> FileHandle opened
2011/03/19 13:07 -> request for loading cloud
2011/03/19 13:07 -> FileHandle closed
2011/03/19 13:07 -> FileHandle opened
2011/03/19 13:07 -> request for loading cloud
2011/03/19 13:07 -> FileHandle closed
2011/03/19 13:09 -> FileHandle opened
2011/03/19 13:09 -> request for loading cloud
2011/03/19 13:09 -> FileHandle closed
2011/03/19 13:15 -> FileHandle opened
2011/03/19 13:15 -> request for loading cloud
2011/03/19 13:15 -> FileHandle closed
2011/03/19 13:16 -> FileHandle opened
2011/03/19 13:16 -> FileHandle closed
2011/03/19 13:16 -> FileHandle opened
2011/03/19 13:16 -> request for loading taglala
2011/03/19 13:16 -> FileHandle closed
2011/03/20 10:42 -> FileHandle opened
2011/03/20 10:42 -> request for loading taglala
2011/03/20 10:42 -> FileHandle closed
2011/03/20 10:42 -> FileHandle opened
2011/03/20 10:42 -> request for loading tagtagged
2011/03/20 10:42 -> FileHandle closed
2011/03/20 10:43 -> FileHandle opened
2011/03/20 10:43 -> request for loading tagtagged
2011/03/20 10:43 -> FileHandle opened
2011/03/20 10:43 -> request for loading tagtagged
2011/03/20 10:43 -> FileHandle closed
2011/03/20 11:55 -> FileHandle opened
2011/03/20 11:55 -> request for loading tagtagged
2011/03/20 11:55 -> FileHandle closed
2011/03/20 11:55 -> FileHandle opened
2011/03/20 11:55 -> request for loading tagtagged
2011/03/20 11:55 -> FileHandle closed
2011/03/20 11:55 -> FileHandle opened
2011/03/20 11:55 -> request for loading tagtagged
2011/03/20 11:55 -> FileHandle closed
2011/03/20 11:56 -> FileHandle opened
2011/03/20 11:56 -> request for loading tagtagged
2011/03/20 11:56 -> FileHandle closed
2011/03/20 11:57 -> FileHandle opened
2011/03/20 11:57 -> request for loading tagtagged
2011/03/20 11:57 -> FileHandle closed
2011/03/20 11:59 -> FileHandle opened
2011/03/20 11:59 -> request for loading tagtagged
2011/03/20 11:59 -> FileHandle opened
2011/03/20 11:59 -> request for loading tagtagged
2011/03/20 11:59 -> FileHandle opened
2011/03/20 11:59 -> request for loading tagtagged
2011/03/20 12:00 -> FileHandle opened
2011/03/20 12:00 -> request for loading tagtagged
2011/03/20 12:00 -> FileHandle closed
2011/03/20 12:00 -> FileHandle opened
2011/03/20 12:00 -> request for loading tagtagged
2011/03/20 12:00 -> FileHandle opened
2011/03/20 12:00 -> request for loading tagtagged
2011/03/20 12:00 -> FileHandle closed
2011/03/20 12:01 -> FileHandle opened
2011/03/20 12:01 -> request for loading tagtagged
2011/03/20 12:01 -> FileHandle opened
2011/03/20 12:01 -> request for loading tagtagged
2011/03/20 12:01 -> FileHandle closed
2011/03/20 12:02 -> FileHandle opened
2011/03/20 12:02 -> request for loading taglala
2011/03/20 12:02 -> FileHandle closed
2011/03/20 12:02 -> FileHandle opened
2011/03/20 12:02 -> FileHandle closed
2011/03/20 12:02 -> FileHandle opened
2011/03/20 12:02 -> FileHandle closed
2011/03/20 12:02 -> FileHandle opened
2011/03/20 12:02 -> FileHandle closed
2011/03/20 12:02 -> FileHandle opened
2011/03/20 12:02 -> FileHandle closed
2011/03/20 12:02 -> FileHandle opened
2011/03/20 12:02 -> FileHandle closed
2011/03/20 12:03 -> FileHandle opened
2011/03/20 12:03 -> request for loading cloud
2011/03/20 12:03 -> FileHandle closed
2011/03/20 12:03 -> FileHandle opened
2011/03/20 12:03 -> request for loading cloud
2011/03/20 12:03 -> FileHandle closed
2011/03/20 12:03 -> FileHandle opened
2011/03/20 12:03 -> request for loading cloud
2011/03/20 12:03 -> FileHandle closed
2011/03/20 12:03 -> FileHandle opened
2011/03/20 12:03 -> request for loading cloud
2011/03/20 12:03 -> FileHandle closed
2011/03/20 12:06 -> FileHandle opened
2011/03/20 12:06 -> request for loading cloud
2011/03/20 12:06 -> FileHandle closed
2011/03/20 12:06 -> FileHandle opened
2011/03/20 12:06 -> request for loading cloud
2011/03/20 12:06 -> FileHandle closed
2011/03/20 12:06 -> FileHandle opened
2011/03/20 12:06 -> request for loading tagtagged
2011/03/20 12:06 -> FileHandle closed
2011/03/20 12:07 -> FileHandle opened
2011/03/20 12:07 -> request for loading cloud
2011/03/20 12:07 -> FileHandle closed
2011/03/20 12:07 -> FileHandle opened
2011/03/20 12:07 -> request for loading tagtagged
2011/03/20 12:07 -> FileHandle closed
2011/03/20 12:07 -> FileHandle opened
2011/03/20 12:07 -> request for loading cloud
2011/03/20 12:07 -> FileHandle closed
2011/03/20 12:08 -> FileHandle opened
2011/03/20 12:08 -> request for loading tagtagged
2011/03/20 12:08 -> FileHandle closed
2011/03/20 12:08 -> FileHandle opened
2011/03/20 12:08 -> request for loading cloud
2011/03/20 12:08 -> FileHandle closed
2011/03/20 12:08 -> FileHandle opened
2011/03/20 12:08 -> request for loading tagtagged
2011/03/20 12:08 -> FileHandle closed
2011/03/20 12:08 -> FileHandle opened
2011/03/20 12:08 -> request for loading cloud
2011/03/20 12:08 -> FileHandle closed
2011/03/20 12:09 -> FileHandle opened
2011/03/20 12:09 -> request for loading tagtagged
2011/03/20 12:09 -> FileHandle closed
2011/03/20 12:09 -> FileHandle opened
2011/03/20 12:09 -> request for loading cloud
2011/03/20 12:09 -> FileHandle closed
2011/03/20 12:09 -> FileHandle opened
2011/03/20 12:09 -> request for loading tagsecond
2011/03/20 12:09 -> FileHandle closed
2011/03/20 12:09 -> FileHandle opened
2011/03/20 12:09 -> request for loading tagtagged
2011/03/20 12:09 -> FileHandle closed
2011/03/20 12:10 -> FileHandle opened
2011/03/20 12:10 -> request for loading cloud
2011/03/20 12:10 -> FileHandle closed
2011/03/20 12:10 -> FileHandle opened
2011/03/20 12:10 -> request for loading tagtagged
2011/03/20 12:10 -> FileHandle closed
2011/03/20 12:13 -> FileHandle opened
2011/03/20 12:13 -> request for loading cloud
2011/03/20 12:13 -> FileHandle closed
2011/03/20 12:13 -> FileHandle opened
2011/03/20 12:13 -> request for loading tagtagged
2011/03/20 12:13 -> FileHandle closed
2011/03/20 12:13 -> FileHandle opened
2011/03/20 12:13 -> request for loading tagtagged
2011/03/20 12:13 -> FileHandle closed
2011/03/20 12:13 -> FileHandle opened
2011/03/20 12:13 -> request for loading tagfirst
2011/03/20 12:13 -> FileHandle closed
2011/03/20 12:13 -> FileHandle opened
2011/03/20 12:13 -> request for loading tagjustAnotherTag
2011/03/20 12:13 -> FileHandle closed
2011/03/20 12:13 -> FileHandle opened
2011/03/20 12:13 -> request for loading taganotherTag
2011/03/20 12:13 -> FileHandle closed
2011/03/20 12:13 -> FileHandle opened
2011/03/20 12:13 -> request for loading tagfirst
2011/03/20 12:13 -> FileHandle closed
2011/03/20 12:13 -> FileHandle opened
2011/03/20 12:13 -> request for loading tagthird
2011/03/20 12:13 -> FileHandle closed
2011/03/20 12:13 -> FileHandle opened
2011/03/20 12:13 -> request for loading taganotherTag
2011/03/20 12:13 -> FileHandle closed
2011/03/20 12:13 -> FileHandle opened
2011/03/20 12:13 -> request for loading taggetAnother
2011/03/20 12:13 -> FileHandle closed
2011/03/20 12:13 -> FileHandle opened
2011/03/20 12:13 -> request for loading tagtagged
2011/03/20 12:13 -> FileHandle closed
2011/03/20 12:13 -> FileHandle opened
2011/03/20 12:13 -> request for loading tagjustAnotherTag
2011/03/20 12:13 -> FileHandle closed
2011/03/20 12:13 -> FileHandle opened
2011/03/20 12:13 -> request for loading tagsecond
2011/03/20 12:13 -> FileHandle closed
2011/03/20 12:13 -> FileHandle opened
2011/03/20 12:13 -> request for loading taggetAnother
2011/03/20 12:13 -> FileHandle closed
2011/03/20 12:14 -> FileHandle opened
2011/03/20 12:14 -> request for loading taganotherTag
2011/03/20 12:14 -> FileHandle closed
2011/03/20 12:14 -> FileHandle opened
2011/03/20 12:14 -> request for loading tagtagged
2011/03/20 12:14 -> FileHandle closed
2011/03/20 12:14 -> FileHandle opened
2011/03/20 12:14 -> request for loading tagfirst
2011/03/20 12:14 -> FileHandle closed
2011/03/20 12:14 -> FileHandle opened
2011/03/20 12:14 -> request for loading tagtagged
2011/03/20 12:14 -> FileHandle closed
2011/03/20 12:19 -> FileHandle opened
2011/03/20 12:19 -> request for loading cloud
2011/03/20 12:19 -> FileHandle closed
2011/03/20 12:19 -> FileHandle opened
2011/03/20 12:19 -> request for loading tagtagged
2011/03/20 12:19 -> FileHandle closed
2011/03/20 12:19 -> FileHandle opened
2011/03/20 12:19 -> request for loading tagtagged
2011/03/20 12:19 -> FileHandle closed
2011/03/20 12:19 -> FileHandle opened
2011/03/20 12:19 -> request for loading cloud
2011/03/20 12:19 -> FileHandle closed
2011/03/22 17:16 -> FileHandle opened
2011/03/22 17:16 -> request for loading cloud
2011/03/22 17:16 -> FileHandle closed
2011/03/22 17:21 -> FileHandle opened
2011/03/22 17:21 -> request for loading cloud
2011/03/22 17:21 -> FileHandle closed
2011/03/22 17:21 -> FileHandle opened
2011/03/22 17:21 -> request for id demo received
2011/03/22 17:21 -> {"idea_id":"1","idea_name":"John Doe from Detroit","idea_mail":"johndoe@examlpe.org","idea_description":"I need something like twitter for my in-corporate communication. it should be accessible via web and your should post url to documents...nothing more...\r\n\r\nplease help me out","idea_timestamp":"2011-03-15 19:46:54","idea_uniqueId":"demo"}
2011/03/22 17:21 -> FileHandle closed
